[   19560ms] [LOG] The next request for the Private Access Token challenge may return a 401 and show a warning in console. @ https://challenges.cloudflare.com/cdn-cgi/challenge-platform/h/b/turnstile/f/ov2/av0/rch/5hgz5/0x4AAAAAADjcPxX0ibFVThto/light/fbE/new/normal?lang=auto:0
[   19641ms] [ERROR] Failed to load resource: the server responded with a status of 401 () @ https://challenges.cloudflare.com/cdn-cgi/challenge-platform/h/b/pat/a0a96f1efe61bed8/1781273376111/33cea727d381a4161f3a0b13a4be53e1f162cae173c5fbb1f50c8676ba80a34b/7R2b_veX8dl4GqK:0
[   19793ms] [LOG] /.*.*=.*/ @ https://challenges.cloudflare.com/cdn-cgi/challenge-platform/h/b/turnstile/f/ov2/av0/rch/5hgz5/0x4AAAAAADjcPxX0ibFVThto/light/fbE/new/normal?lang=auto:0
[   19793ms] [LOG] /.*.*=.*/ @ https://challenges.cloudflare.com/cdn-cgi/challenge-platform/h/b/turnstile/f/ov2/av0/rch/5hgz5/0x4AAAAAADjcPxX0ibFVThto/light/fbE/new/normal?lang=auto:0
[   19794ms] [LOG] function () { [native code] } @ https://challenges.cloudflare.com/cdn-cgi/challenge-platform/h/b/turnstile/f/ov2/av0/rch/5hgz5/0x4AAAAAADjcPxX0ibFVThto/light/fbE/new/normal?lang=auto:0
[   19794ms] [LOG] function () { [native code] } @ https://challenges.cloudflare.com/cdn-cgi/challenge-platform/h/b/turnstile/f/ov2/av0/rch/5hgz5/0x4AAAAAADjcPxX0ibFVThto/light/fbE/new/normal?lang=auto:0
[   19794ms] [LOG] JSHandle@node @ https://challenges.cloudflare.com/cdn-cgi/challenge-platform/h/b/turnstile/f/ov2/av0/rch/5hgz5/0x4AAAAAADjcPxX0ibFVThto/light/fbE/new/normal?lang=auto:0
[   19794ms] [LOG] JSHandle@node @ https://challenges.cloudflare.com/cdn-cgi/challenge-platform/h/b/turnstile/f/ov2/av0/rch/5hgz5/0x4AAAAAADjcPxX0ibFVThto/light/fbE/new/normal?lang=auto:0
[   19794ms] [COUNT] \0: 1 @ https://challenges.cloudflare.com/cdn-cgi/challenge-platform/h/b/turnstile/f/ov2/av0/rch/5hgz5/0x4AAAAAADjcPxX0ibFVThto/light/fbE/new/normal?lang=auto:0
[   19794ms] [COUNT] \0: 1 @ https://challenges.cloudflare.com/cdn-cgi/challenge-platform/h/b/turnstile/f/ov2/av0/rch/5hgz5/0x4AAAAAADjcPxX0ibFVThto/light/fbE/new/normal?lang=auto:0
[   19794ms] [DIR]  Error @ https://challenges.cloudflare.com/cdn-cgi/challenge-platform/h/b/turnstile/f/ov2/av0/rch/5hgz5/0x4AAAAAADjcPxX0ibFVThto/light/fbE/new/normal?lang=auto:0
[   19794ms] [DIR]  Error @ https://challenges.cloudflare.com/cdn-cgi/challenge-platform/h/b/turnstile/f/ov2/av0/rch/5hgz5/0x4AAAAAADjcPxX0ibFVThto/light/fbE/new/normal?lang=auto:0
[   19794ms] [DIRXML] %c%d font-size:0;color:transparent Error @ https://challenges.cloudflare.com/cdn-cgi/challenge-platform/h/b/turnstile/f/ov2/av0/rch/5hgz5/0x4AAAAAADjcPxX0ibFVThto/light/fbE/new/normal?lang=auto:0
[   19794ms] [DIRXML] %c%d font-size:0;color:transparent Error @ https://challenges.cloudflare.com/cdn-cgi/challenge-platform/h/b/turnstile/f/ov2/av0/rch/5hgz5/0x4AAAAAADjcPxX0ibFVThto/light/fbE/new/normal?lang=auto:0
[   19795ms] [ERROR] %c%d font-size:0;color:transparent NaN @ https://challenges.cloudflare.com/cdn-cgi/challenge-platform/h/b/turnstile/f/ov2/av0/rch/5hgz5/0x4AAAAAADjcPxX0ibFVThto/light/fbE/new/normal?lang=auto:0
[   19795ms] [ERROR] %c%d font-size:0;color:transparent NaN @ https://challenges.cloudflare.com/cdn-cgi/challenge-platform/h/b/turnstile/f/ov2/av0/rch/5hgz5/0x4AAAAAADjcPxX0ibFVThto/light/fbE/new/normal?lang=auto:0
[   19795ms] [INFO] %c%d font-size:0;color:transparent NaN @ https://challenges.cloudflare.com/cdn-cgi/challenge-platform/h/b/turnstile/f/ov2/av0/rch/5hgz5/0x4AAAAAADjcPxX0ibFVThto/light/fbE/new/normal?lang=auto:0
[   19795ms] [INFO] %c%d font-size:0;color:transparent NaN @ https://challenges.cloudflare.com/cdn-cgi/challenge-platform/h/b/turnstile/f/ov2/av0/rch/5hgz5/0x4AAAAAADjcPxX0ibFVThto/light/fbE/new/normal?lang=auto:0
[   19795ms] [LOG] %c%d font-size:0;color:transparent NaN @ https://challenges.cloudflare.com/cdn-cgi/challenge-platform/h/b/turnstile/f/ov2/av0/rch/5hgz5/0x4AAAAAADjcPxX0ibFVThto/light/fbE/new/normal?lang=auto:0
[   19795ms] [LOG] %c%d font-size:0;color:transparent NaN @ https://challenges.cloudflare.com/cdn-cgi/challenge-platform/h/b/turnstile/f/ov2/av0/rch/5hgz5/0x4AAAAAADjcPxX0ibFVThto/light/fbE/new/normal?lang=auto:0
[   19795ms] [TABLE] %c%d font-size:0;color:transparent Error @ https://challenges.cloudflare.com/cdn-cgi/challenge-platform/h/b/turnstile/f/ov2/av0/rch/5hgz5/0x4AAAAAADjcPxX0ibFVThto/light/fbE/new/normal?lang=auto:0
[   19795ms] [TABLE] %c%d font-size:0;color:transparent Error @ https://challenges.cloudflare.com/cdn-cgi/challenge-platform/h/b/turnstile/f/ov2/av0/rch/5hgz5/0x4AAAAAADjcPxX0ibFVThto/light/fbE/new/normal?lang=auto:0
[   19795ms] [WARNING] %c%d font-size:0;color:transparent NaN @ https://challenges.cloudflare.com/cdn-cgi/challenge-platform/h/b/turnstile/f/ov2/av0/rch/5hgz5/0x4AAAAAADjcPxX0ibFVThto/light/fbE/new/normal?lang=auto:0
[   19795ms] [WARNING] %c%d font-size:0;color:transparent NaN @ https://challenges.cloudflare.com/cdn-cgi/challenge-platform/h/b/turnstile/f/ov2/av0/rch/5hgz5/0x4AAAAAADjcPxX0ibFVThto/light/fbE/new/normal?lang=auto:0
[   20271ms] [ERROR] This document requires 'TrustedScript' assignment. The action has been blocked. @ https://challenges.cloudflare.com/cdn-cgi/challenge-platform/h/b/turnstile/f/ov2/av0/rch/5hgz5/0x4AAAAAADjcPxX0ibFVThto/light/fbE/new/normal?lang=auto:0
[   20271ms] [ERROR] This document requires 'TrustedScript' assignment. The action has been blocked. @ https://challenges.cloudflare.com/cdn-cgi/challenge-platform/h/b/turnstile/f/ov2/av0/rch/5hgz5/0x4AAAAAADjcPxX0ibFVThto/light/fbE/new/normal?lang=auto:0
[   25569ms] [WARNING] The resource https://challenges.cloudflare.com/cdn-cgi/challenge-platform/h/b/cmg/1 was preloaded using link preload but not used within a few seconds from the window's load event. Please make sure it has an appropriate `as` value and it is preloaded intentionally. @ https://challenges.cloudflare.com/cdn-cgi/challenge-platform/h/b/turnstile/f/ov2/av0/rch/5hgz5/0x4AAAAAADjcPxX0ibFVThto/light/fbE/new/normal?lang=auto:0
[   43022ms] [WARNING] The resource https://challenges.cloudflare.com/cdn-cgi/challenge-platform/h/b/cmg/1 was preloaded using link preload but not used within a few seconds from the window's load event. Please make sure it has an appropriate `as` value and it is preloaded intentionally. @ https://challenges.cloudflare.com/cdn-cgi/challenge-platform/h/b/turnstile/f/ov2/av0/rch/5hgz5/0x4AAAAAADjcPxX0ibFVThto/light/fbE/new/normal?lang=auto:0
